android/app/build/intermediates/manifest_merge_blame_file/release/manifest-merger-blame-release-report.txt
1<?xml version="1.0" encoding="utf-8"?>
2<manifest xmlns:android="http://schemas.android.com/apk/res/android"
3    package="com.priony.business"
4    android:versionCode="14"
5    android:versionName="1.4" >
6
7    <uses-sdk
8        android:minSdkVersion="21"
8-->src\main\AndroidManifest.xml
9        android:targetSdkVersion="31" />
9-->src\main\AndroidManifest.xml
10
11    <uses-permission android:name="android.permission.INTERNET" />
11-->src\main\AndroidManifest.xml:4:5-67
11-->src\main\AndroidManifest.xml:4:22-64
12    <uses-permission android:name="android.permission.WAKE_LOCK" />
12-->[:react-native-firebase_messaging] AndroidManifest.xml:10:5-68
12-->[:react-native-firebase_messaging] AndroidManifest.xml:10:22-65
13    <uses-permission android:name="android.permission.ACCESS_NETWORK_STATE" />
13-->[:react-native-firebase_messaging] AndroidManifest.xml:11:5-79
13-->[:react-native-firebase_messaging] AndroidManifest.xml:11:22-76
14
15    <queries>
15-->[:react-native-image-crop-picker] AndroidManifest.xml:9:5-13:15
16        <intent>
16-->[:react-native-image-crop-picker] AndroidManifest.xml:10:9-12:18
17            <action android:name="android.media.action.IMAGE_CAPTURE" />
17-->[:react-native-image-crop-picker] AndroidManifest.xml:11:13-73
17-->[:react-native-image-crop-picker] AndroidManifest.xml:11:21-70
18        </intent>
19    </queries>
20
21    <uses-permission android:name="android.permission.WRITE_EXTERNAL_STORAGE" />
21-->[:react-native-image-crop-picker] AndroidManifest.xml:15:5-81
21-->[:react-native-image-crop-picker] AndroidManifest.xml:15:22-78
22    <uses-permission android:name="android.permission.POST_NOTIFICATIONS" /> <!-- Required by older versions of Google Play services to create IID tokens -->
22-->[com.google.firebase:firebase-messaging:23.1.1] AndroidManifest.xml:25:5-77
22-->[com.google.firebase:firebase-messaging:23.1.1] AndroidManifest.xml:25:22-74
23    <uses-permission android:name="com.google.android.c2dm.permission.RECEIVE" />
23-->[com.google.firebase:firebase-messaging:23.1.1] AndroidManifest.xml:28:5-82
23-->[com.google.firebase:firebase-messaging:23.1.1] AndroidManifest.xml:28:22-79
24
25    <application
25-->src\main\AndroidManifest.xml:6:5-27:19
26        android:name="com.priony.business.MainApplication"
26-->src\main\AndroidManifest.xml:7:7-38
27        android:allowBackup="false"
27-->src\main\AndroidManifest.xml:13:7-34
28        android:appComponentFactory="androidx.core.app.CoreComponentFactory"
28-->[androidx.core:core:1.7.0] AndroidManifest.xml:24:18-86
29        android:icon="@mipmap/ic_launcher"
29-->src\main\AndroidManifest.xml:11:7-41
30        android:label="@string/app_name"
30-->src\main\AndroidManifest.xml:10:7-39
31        android:roundIcon="@mipmap/ic_launcher_round"
31-->src\main\AndroidManifest.xml:12:7-52
32        android:theme="@style/AppTheme"
32-->src\main\AndroidManifest.xml:14:7-38
33        android:usesCleartextTraffic="true" >
33-->src\main\AndroidManifest.xml:9:7-42
34        <activity
34-->src\main\AndroidManifest.xml:15:7-26:18
35            android:name="com.priony.business.MainActivity"
35-->src\main\AndroidManifest.xml:16:9-37
36            android:configChanges="keyboard|keyboardHidden|orientation|screenLayout|screenSize|smallestScreenSize|uiMode"
36-->src\main\AndroidManifest.xml:18:9-118
37            android:exported="true"
37-->src\main\AndroidManifest.xml:21:9-32
38            android:label="@string/app_name"
38-->src\main\AndroidManifest.xml:17:9-41
39            android:launchMode="singleTask"
39-->src\main\AndroidManifest.xml:19:9-40
40            android:windowSoftInputMode="adjustResize" >
40-->src\main\AndroidManifest.xml:20:9-51
41            <intent-filter>
41-->src\main\AndroidManifest.xml:22:9-25:25
42                <action android:name="android.intent.action.MAIN" />
42-->src\main\AndroidManifest.xml:23:13-65
42-->src\main\AndroidManifest.xml:23:21-62
43
44                <category android:name="android.intent.category.LAUNCHER" />
44-->src\main\AndroidManifest.xml:24:13-73
44-->src\main\AndroidManifest.xml:24:23-70
45            </intent-filter>
46        </activity>
47
48        <service
48-->[:react-native-firebase_messaging] AndroidManifest.xml:14:9-16:40
49            android:name="io.invertase.firebase.messaging.ReactNativeFirebaseMessagingHeadlessService"
49-->[:react-native-firebase_messaging] AndroidManifest.xml:15:13-103
50            android:exported="false" />
50-->[:react-native-firebase_messaging] AndroidManifest.xml:16:13-37
51        <service
51-->[:react-native-firebase_messaging] AndroidManifest.xml:17:9-23:19
52            android:name="io.invertase.firebase.messaging.ReactNativeFirebaseMessagingService"
52-->[:react-native-firebase_messaging] AndroidManifest.xml:18:13-95
53            android:exported="false" >
53-->[:react-native-firebase_messaging] AndroidManifest.xml:19:13-37
54            <intent-filter>
54-->[:react-native-firebase_messaging] AndroidManifest.xml:20:13-22:29
55                <action android:name="com.google.firebase.MESSAGING_EVENT" />
55-->[:react-native-firebase_messaging] AndroidManifest.xml:21:17-78
55-->[:react-native-firebase_messaging] AndroidManifest.xml:21:25-75
56            </intent-filter>
57        </service>
58
59        <receiver
59-->[:react-native-firebase_messaging] AndroidManifest.xml:25:9-32:20
60            android:name="io.invertase.firebase.messaging.ReactNativeFirebaseMessagingReceiver"
60-->[:react-native-firebase_messaging] AndroidManifest.xml:26:13-96
61            android:exported="true"
61-->[:react-native-firebase_messaging] AndroidManifest.xml:27:13-36
62            android:permission="com.google.android.c2dm.permission.SEND" >
62-->[:react-native-firebase_messaging] AndroidManifest.xml:28:13-73
63            <intent-filter>
63-->[:react-native-firebase_messaging] AndroidManifest.xml:29:13-31:29
64                <action android:name="com.google.android.c2dm.intent.RECEIVE" />
64-->[:react-native-firebase_messaging] AndroidManifest.xml:30:17-81
64-->[:react-native-firebase_messaging] AndroidManifest.xml:30:25-78
65            </intent-filter>
66        </receiver>
67
68        <meta-data
68-->[:react-native-firebase_messaging] AndroidManifest.xml:34:9-36:36
69            android:name="firebase_messaging_auto_init_enabled"
69-->[:react-native-firebase_messaging] AndroidManifest.xml:35:13-64
70            android:value="true" />
70-->[:react-native-firebase_messaging] AndroidManifest.xml:36:13-33
71        <meta-data
71-->[:react-native-firebase_messaging] AndroidManifest.xml:37:9-39:32
72            android:name="com.google.firebase.messaging.default_notification_channel_id"
72-->[:react-native-firebase_messaging] AndroidManifest.xml:38:13-89
73            android:value="" />
73-->[:react-native-firebase_messaging] AndroidManifest.xml:39:13-29
74        <meta-data
74-->[:react-native-firebase_messaging] AndroidManifest.xml:40:9-42:47
75            android:name="com.google.firebase.messaging.default_notification_color"
75-->[:react-native-firebase_messaging] AndroidManifest.xml:41:13-84
76            android:resource="@color/white" />
76-->[:react-native-firebase_messaging] AndroidManifest.xml:42:13-44
77        <meta-data
77-->[:react-native-firebase_app] AndroidManifest.xml:11:9-13:36
78            android:name="app_data_collection_default_enabled"
78-->[:react-native-firebase_app] AndroidManifest.xml:12:13-63
79            android:value="true" />
79-->[:react-native-firebase_app] AndroidManifest.xml:13:13-33
80
81        <service
81-->[:react-native-firebase_app] AndroidManifest.xml:15:9-23:19
82            android:name="com.google.firebase.components.ComponentDiscoveryService"
82-->[:react-native-firebase_app] AndroidManifest.xml:16:13-84
83            android:directBootAware="true"
83-->[:react-native-firebase_app] AndroidManifest.xml:17:13-43
84            android:exported="false" >
84-->[:react-native-firebase_app] AndroidManifest.xml:18:13-37
85            <meta-data
85-->[:react-native-firebase_app] AndroidManifest.xml:20:13-22:85
86                android:name="com.google.firebase.components:io.invertase.firebase.app.ReactNativeFirebaseAppRegistrar"
86-->[:react-native-firebase_app] AndroidManifest.xml:21:17-120
87                android:value="com.google.firebase.components.ComponentRegistrar" />
87-->[:react-native-firebase_app] AndroidManifest.xml:22:17-82
88            <meta-data
88-->[com.google.firebase:firebase-messaging:23.1.1] AndroidManifest.xml:55:13-57:85
89                android:name="com.google.firebase.components:com.google.firebase.messaging.FirebaseMessagingRegistrar"
89-->[com.google.firebase:firebase-messaging:23.1.1] AndroidManifest.xml:56:17-119
90                android:value="com.google.firebase.components.ComponentRegistrar" />
90-->[com.google.firebase:firebase-messaging:23.1.1] AndroidManifest.xml:57:17-82
91            <meta-data
91-->[com.google.firebase:firebase-datatransport:18.1.7] AndroidManifest.xml:27:13-29:85
92                android:name="com.google.firebase.components:com.google.firebase.datatransport.TransportRegistrar"
92-->[com.google.firebase:firebase-datatransport:18.1.7] AndroidManifest.xml:28:17-115
93                android:value="com.google.firebase.components.ComponentRegistrar" />
93-->[com.google.firebase:firebase-datatransport:18.1.7] AndroidManifest.xml:29:17-82
94            <meta-data
94-->[com.google.firebase:firebase-installations:17.1.0] AndroidManifest.xml:17:13-19:85
95                android:name="com.google.firebase.components:com.google.firebase.installations.FirebaseInstallationsRegistrar"
95-->[com.google.firebase:firebase-installations:17.1.0] AndroidManifest.xml:18:17-127
96                android:value="com.google.firebase.components.ComponentRegistrar" />
96-->[com.google.firebase:firebase-installations:17.1.0] AndroidManifest.xml:19:17-82
97        </service>
98
99        <provider
99-->[:react-native-firebase_app] AndroidManifest.xml:25:9-29:38
100            android:name="io.invertase.firebase.app.ReactNativeFirebaseAppInitProvider"
100-->[:react-native-firebase_app] AndroidManifest.xml:26:13-88
101            android:authorities="com.priony.business.reactnativefirebaseappinitprovider"
101-->[:react-native-firebase_app] AndroidManifest.xml:27:13-86
102            android:exported="false"
102-->[:react-native-firebase_app] AndroidManifest.xml:28:13-37
103            android:initOrder="99" />
103-->[:react-native-firebase_app] AndroidManifest.xml:29:13-35
104        <provider
104-->[:react-native-image-crop-picker] AndroidManifest.xml:18:9-26:20
105            android:name="com.reactnative.ivpusic.imagepicker.IvpusicImagePickerFileProvider"
105-->[:react-native-image-crop-picker] AndroidManifest.xml:19:13-94
106            android:authorities="com.priony.business.provider"
106-->[:react-native-image-crop-picker] AndroidManifest.xml:20:13-60
107            android:exported="false"
107-->[:react-native-image-crop-picker] AndroidManifest.xml:21:13-37
108            android:grantUriPermissions="true" >
108-->[:react-native-image-crop-picker] AndroidManifest.xml:22:13-47
109            <meta-data
109-->[:react-native-image-crop-picker] AndroidManifest.xml:23:13-25:78
110                android:name="android.support.FILE_PROVIDER_PATHS"
110-->[:react-native-image-crop-picker] AndroidManifest.xml:24:17-67
111                android:resource="@xml/ivpusic_imagepicker_provider_paths" />
111-->[:react-native-image-crop-picker] AndroidManifest.xml:25:17-75
112        </provider>
113
114        <activity
114-->[:react-native-image-crop-picker] AndroidManifest.xml:28:9-30:72
115            android:name="com.yalantis.ucrop.UCropActivity"
115-->[:react-native-image-crop-picker] AndroidManifest.xml:29:13-60
116            android:theme="@style/Theme.AppCompat.Light.NoActionBar" />
116-->[:react-native-image-crop-picker] AndroidManifest.xml:30:13-69
117
118        <provider
118-->[:react-native-share] AndroidManifest.xml:10:9-18:20
119            android:name="cl.json.RNShareFileProvider"
119-->[:react-native-share] AndroidManifest.xml:11:13-55
120            android:authorities="com.priony.business.rnshare.fileprovider"
120-->[:react-native-share] AndroidManifest.xml:12:13-72
121            android:exported="false"
121-->[:react-native-share] AndroidManifest.xml:13:13-37
122            android:grantUriPermissions="true" >
122-->[:react-native-share] AndroidManifest.xml:14:13-47
123            <meta-data
123-->[:react-native-image-crop-picker] AndroidManifest.xml:23:13-25:78
124                android:name="android.support.FILE_PROVIDER_PATHS"
124-->[:react-native-image-crop-picker] AndroidManifest.xml:24:17-67
125                android:resource="@xml/share_download_paths" />
125-->[:react-native-image-crop-picker] AndroidManifest.xml:25:17-75
126        </provider>
127        <provider
127-->[:react-native-webview] AndroidManifest.xml:10:9-18:20
128            android:name="com.reactnativecommunity.webview.RNCWebViewFileProvider"
128-->[:react-native-webview] AndroidManifest.xml:11:13-83
129            android:authorities="com.priony.business.fileprovider"
129-->[:react-native-webview] AndroidManifest.xml:12:13-64
130            android:exported="false"
130-->[:react-native-webview] AndroidManifest.xml:13:13-37
131            android:grantUriPermissions="true" >
131-->[:react-native-webview] AndroidManifest.xml:14:13-47
132            <meta-data
132-->[:react-native-image-crop-picker] AndroidManifest.xml:23:13-25:78
133                android:name="android.support.FILE_PROVIDER_PATHS"
133-->[:react-native-image-crop-picker] AndroidManifest.xml:24:17-67
134                android:resource="@xml/file_provider_paths" />
134-->[:react-native-image-crop-picker] AndroidManifest.xml:25:17-75
135        </provider>
136
137        <receiver
137-->[com.google.firebase:firebase-messaging:23.1.1] AndroidManifest.xml:31:9-38:20
138            android:name="com.google.firebase.iid.FirebaseInstanceIdReceiver"
138-->[com.google.firebase:firebase-messaging:23.1.1] AndroidManifest.xml:32:13-78
139            android:exported="true"
139-->[com.google.firebase:firebase-messaging:23.1.1] AndroidManifest.xml:33:13-36
140            android:permission="com.google.android.c2dm.permission.SEND" >
140-->[com.google.firebase:firebase-messaging:23.1.1] AndroidManifest.xml:34:13-73
141            <intent-filter>
141-->[:react-native-firebase_messaging] AndroidManifest.xml:29:13-31:29
142                <action android:name="com.google.android.c2dm.intent.RECEIVE" />
142-->[:react-native-firebase_messaging] AndroidManifest.xml:30:17-81
142-->[:react-native-firebase_messaging] AndroidManifest.xml:30:25-78
143            </intent-filter>
144        </receiver>
145        <!--
146             FirebaseMessagingService performs security checks at runtime,
147             but set to not exported to explicitly avoid allowing another app to call it.
148        -->
149        <service
149-->[com.google.firebase:firebase-messaging:23.1.1] AndroidManifest.xml:44:9-51:19
150            android:name="com.google.firebase.messaging.FirebaseMessagingService"
150-->[com.google.firebase:firebase-messaging:23.1.1] AndroidManifest.xml:45:13-82
151            android:directBootAware="true"
151-->[com.google.firebase:firebase-messaging:23.1.1] AndroidManifest.xml:46:13-43
152            android:exported="false" >
152-->[com.google.firebase:firebase-messaging:23.1.1] AndroidManifest.xml:47:13-37
153            <intent-filter android:priority="-500" >
153-->[:react-native-firebase_messaging] AndroidManifest.xml:20:13-22:29
154                <action android:name="com.google.firebase.MESSAGING_EVENT" />
154-->[:react-native-firebase_messaging] AndroidManifest.xml:21:17-78
154-->[:react-native-firebase_messaging] AndroidManifest.xml:21:25-75
155            </intent-filter>
156        </service>
157        <service
157-->[com.google.android.datatransport:transport-backend-cct:3.1.8] AndroidManifest.xml:28:9-34:19
158            android:name="com.google.android.datatransport.runtime.backends.TransportBackendDiscovery"
158-->[com.google.android.datatransport:transport-backend-cct:3.1.8] AndroidManifest.xml:29:13-103
159            android:exported="false" >
159-->[com.google.android.datatransport:transport-backend-cct:3.1.8] AndroidManifest.xml:30:13-37
160            <meta-data
160-->[com.google.android.datatransport:transport-backend-cct:3.1.8] AndroidManifest.xml:31:13-33:39
161                android:name="backend:com.google.android.datatransport.cct.CctBackendFactory"
161-->[com.google.android.datatransport:transport-backend-cct:3.1.8] AndroidManifest.xml:32:17-94
162                android:value="cct" />
162-->[com.google.android.datatransport:transport-backend-cct:3.1.8] AndroidManifest.xml:33:17-36
163        </service>
164        <service
164-->[com.google.android.datatransport:transport-runtime:3.1.8] AndroidManifest.xml:26:9-30:19
165            android:name="com.google.android.datatransport.runtime.scheduling.jobscheduling.JobInfoSchedulerService"
165-->[com.google.android.datatransport:transport-runtime:3.1.8] AndroidManifest.xml:27:13-117
166            android:exported="false"
166-->[com.google.android.datatransport:transport-runtime:3.1.8] AndroidManifest.xml:28:13-37
167            android:permission="android.permission.BIND_JOB_SERVICE" >
167-->[com.google.android.datatransport:transport-runtime:3.1.8] AndroidManifest.xml:29:13-69
168        </service>
169
170        <receiver
170-->[com.google.android.datatransport:transport-runtime:3.1.8] AndroidManifest.xml:32:9-34:40
171            android:name="com.google.android.datatransport.runtime.scheduling.jobscheduling.AlarmManagerSchedulerBroadcastReceiver"
171-->[com.google.android.datatransport:transport-runtime:3.1.8] AndroidManifest.xml:33:13-132
172            android:exported="false" />
172-->[com.google.android.datatransport:transport-runtime:3.1.8] AndroidManifest.xml:34:13-37
173
174        <provider
174-->[com.google.firebase:firebase-common:20.2.0] AndroidManifest.xml:25:9-30:39
175            android:name="com.google.firebase.provider.FirebaseInitProvider"
175-->[com.google.firebase:firebase-common:20.2.0] AndroidManifest.xml:26:13-77
176            android:authorities="com.priony.business.firebaseinitprovider"
176-->[com.google.firebase:firebase-common:20.2.0] AndroidManifest.xml:27:13-72
177            android:directBootAware="true"
177-->[com.google.firebase:firebase-common:20.2.0] AndroidManifest.xml:28:13-43
178            android:exported="false"
178-->[com.google.firebase:firebase-common:20.2.0] AndroidManifest.xml:29:13-37
179            android:initOrder="100" />
179-->[com.google.firebase:firebase-common:20.2.0] AndroidManifest.xml:30:13-36
180
181        <activity
181-->[com.google.android.gms:play-services-auth:20.3.0] AndroidManifest.xml:23:9-27:75
182            android:name="com.google.android.gms.auth.api.signin.internal.SignInHubActivity"
182-->[com.google.android.gms:play-services-auth:20.3.0] AndroidManifest.xml:24:13-93
183            android:excludeFromRecents="true"
183-->[com.google.android.gms:play-services-auth:20.3.0] AndroidManifest.xml:25:13-46
184            android:exported="false"
184-->[com.google.android.gms:play-services-auth:20.3.0] AndroidManifest.xml:26:13-37
185            android:theme="@android:style/Theme.Translucent.NoTitleBar" />
185-->[com.google.android.gms:play-services-auth:20.3.0] AndroidManifest.xml:27:13-72
186        <!--
187            Service handling Google Sign-In user revocation. For apps that do not integrate with
188            Google Sign-In, this service will never be started.
189        -->
190        <service
190-->[com.google.android.gms:play-services-auth:20.3.0] AndroidManifest.xml:33:9-37:51
191            android:name="com.google.android.gms.auth.api.signin.RevocationBoundService"
191-->[com.google.android.gms:play-services-auth:20.3.0] AndroidManifest.xml:34:13-89
192            android:exported="true"
192-->[com.google.android.gms:play-services-auth:20.3.0] AndroidManifest.xml:35:13-36
193            android:permission="com.google.android.gms.auth.api.signin.permission.REVOCATION_NOTIFICATION"
193-->[com.google.android.gms:play-services-auth:20.3.0] AndroidManifest.xml:36:13-107
194            android:visibleToInstantApps="true" />
194-->[com.google.android.gms:play-services-auth:20.3.0] AndroidManifest.xml:37:13-48
195
196        <activity
196-->[com.google.android.gms:play-services-base:18.0.1] AndroidManifest.xml:20:9-22:45
197            android:name="com.google.android.gms.common.api.GoogleApiActivity"
197-->[com.google.android.gms:play-services-base:18.0.1] AndroidManifest.xml:20:19-85
198            android:exported="false"
198-->[com.google.android.gms:play-services-base:18.0.1] AndroidManifest.xml:22:19-43
199            android:theme="@android:style/Theme.Translucent.NoTitleBar" />
199-->[com.google.android.gms:play-services-base:18.0.1] AndroidManifest.xml:21:19-78
200
201        <meta-data
201-->[com.google.android.gms:play-services-basement:18.1.0] AndroidManifest.xml:21:9-23:69
202            android:name="com.google.android.gms.version"
202-->[com.google.android.gms:play-services-basement:18.1.0] AndroidManifest.xml:22:13-58
203            android:value="@integer/google_play_services_version" />
203-->[com.google.android.gms:play-services-basement:18.1.0] AndroidManifest.xml:23:13-66
204
205        <provider
205-->[androidx.emoji2:emoji2:1.0.0] AndroidManifest.xml:26:9-34:20
206            android:name="androidx.startup.InitializationProvider"
206-->[androidx.emoji2:emoji2:1.0.0] AndroidManifest.xml:27:13-67
207            android:authorities="com.priony.business.androidx-startup"
207-->[androidx.emoji2:emoji2:1.0.0] AndroidManifest.xml:28:13-68
208            android:exported="false" >
208-->[androidx.emoji2:emoji2:1.0.0] AndroidManifest.xml:29:13-37
209            <meta-data
209-->[androidx.emoji2:emoji2:1.0.0] AndroidManifest.xml:31:13-33:52
210                android:name="androidx.emoji2.text.EmojiCompatInitializer"
210-->[androidx.emoji2:emoji2:1.0.0] AndroidManifest.xml:32:17-75
211                android:value="androidx.startup" />
211-->[androidx.emoji2:emoji2:1.0.0] AndroidManifest.xml:33:17-49
212            <meta-data
212-->[androidx.lifecycle:lifecycle-process:2.4.0] AndroidManifest.xml:31:13-33:52
213                android:name="androidx.lifecycle.ProcessLifecycleInitializer"
213-->[androidx.lifecycle:lifecycle-process:2.4.0] AndroidManifest.xml:32:17-78
214                android:value="androidx.startup" />
214-->[androidx.lifecycle:lifecycle-process:2.4.0] AndroidManifest.xml:33:17-49
215        </provider>
216    </application>
217
218</manifest>